<?xml version="1.0" encoding="UTF-8"?>
<testng-results skipped="0" failed="1" ignored="0" total="2" passed="1">
  <reporter-output>
  </reporter-output>
  <suite name="Default suite" duration-ms="12853" started-at="2022-05-12T13:53:26 CDT" finished-at="2022-05-12T13:53:39 CDT">
    <groups>
    </groups>
    <test name="Default test" duration-ms="12853" started-at="2022-05-12T13:53:26 CDT" finished-at="2022-05-12T13:53:39 CDT">
      <class name="testNGPackage.TestNGCustomer">
        <test-method status="PASS" signature="readConfig()[pri:0, instance:testNGPackage.TestNGCustomer@545997b1]" name="readConfig" is-config="true" duration-ms="6" started-at="2022-05-12T13:53:26 CDT" finished-at="2022-05-12T13:53:26 CDT">
          <reporter-output>
          </reporter-output>
        </test-method> <!-- readConfig -->
        <test-method status="PASS" signature="init()[pri:0, instance:testNGPackage.TestNGCustomer@545997b1]" name="init" is-config="true" duration-ms="2911" started-at="2022-05-12T13:53:26 CDT" finished-at="2022-05-12T13:53:29 CDT">
          <reporter-output>
          </reporter-output>
        </test-method> <!-- init -->
        <test-method status="PASS" signature="myLogin()[pri:1, instance:testNGPackage.TestNGCustomer@545997b1]" name="myLogin" duration-ms="914" started-at="2022-05-12T13:53:29 CDT" finished-at="2022-05-12T13:53:30 CDT">
          <reporter-output>
          </reporter-output>
        </test-method> <!-- myLogin -->
        <test-method status="PASS" signature="tearDown()[pri:0, instance:testNGPackage.TestNGCustomer@545997b1]" name="tearDown" is-config="true" duration-ms="0" started-at="2022-05-12T13:53:30 CDT" finished-at="2022-05-12T13:53:30 CDT">
          <reporter-output>
          </reporter-output>
        </test-method> <!-- tearDown -->
        <test-method status="PASS" signature="init()[pri:0, instance:testNGPackage.TestNGCustomer@545997b1]" name="init" is-config="true" duration-ms="1902" started-at="2022-05-12T13:53:30 CDT" finished-at="2022-05-12T13:53:32 CDT">
          <reporter-output>
          </reporter-output>
        </test-method> <!-- init -->
        <test-method status="FAIL" signature="d()[pri:2, instance:testNGPackage.TestNGCustomer@545997b1]" name="d" duration-ms="7086" started-at="2022-05-12T13:53:32 CDT" finished-at="2022-05-12T13:53:39 CDT">
          <exception class="org.openqa.selenium.NoSuchElementException">
            <message>
              <![CDATA[Unable to find element with locator By.partialLinkText: Bank & Cash
For documentation on this error, please visit: https://selenium.dev/exceptions/#no_such_element
Build info: version: '4.1.3', revision: '7b1ebf28ef'
System info: host: 'LAPTOP-CHPRGC7C', ip: '192.168.87.234', os.name: 'Windows 10', os.arch: 'amd64', os.version: '10.0', java.version: '1.8.0_202'
Driver info: driver.version: RemoteWebDriver]]>
            </message>
            <full-stacktrace>
              <![CDATA[org.openqa.selenium.NoSuchElementException: Unable to find element with locator By.partialLinkText: Bank & Cash
For documentation on this error, please visit: https://selenium.dev/exceptions/#no_such_element
Build info: version: '4.1.3', revision: '7b1ebf28ef'
System info: host: 'LAPTOP-CHPRGC7C', ip: '192.168.87.234', os.name: 'Windows 10', os.arch: 'amd64', os.version: '10.0', java.version: '1.8.0_202'
Driver info: driver.version: RemoteWebDriver
at org.openqa.selenium.remote.ElementLocation$ElementFinder$2.findElement(ElementLocation.java:165)
at org.openqa.selenium.remote.ElementLocation.findElement(ElementLocation.java:60)
at org.openqa.selenium.remote.RemoteWebDriver.findElement(RemoteWebDriver.java:385)
at org.openqa.selenium.remote.RemoteWebDriver.findElement(RemoteWebDriver.java:377)
at testNGPackage.TestNGCustomer.d(TestNGCustomer.java:117)
at sun.reflect.NativeMethodAccessorImpl.invoke0(Native Method)
at sun.reflect.NativeMethodAccessorImpl.invoke(NativeMethodAccessorImpl.java:62)
at sun.reflect.DelegatingMethodAccessorImpl.invoke(DelegatingMethodAccessorImpl.java:43)
at java.lang.reflect.Method.invoke(Method.java:498)
at org.testng.internal.MethodInvocationHelper.invokeMethod(MethodInvocationHelper.java:133)
at org.testng.internal.TestInvoker.invokeMethod(TestInvoker.java:598)
at org.testng.internal.TestInvoker.invokeTestMethod(TestInvoker.java:173)
at org.testng.internal.MethodRunner.runInSequence(MethodRunner.java:46)
at org.testng.internal.TestInvoker$MethodInvocationAgent.invoke(TestInvoker.java:824)
at org.testng.internal.TestInvoker.invokeTestMethods(TestInvoker.java:146)
at org.testng.internal.TestMethodWorker.invokeTestMethods(TestMethodWorker.java:146)
at org.testng.internal.TestMethodWorker.run(TestMethodWorker.java:128)
at java.util.ArrayList.forEach(ArrayList.java:1257)
at org.testng.TestRunner.privateRun(TestRunner.java:794)
at org.testng.TestRunner.run(TestRunner.java:596)
at org.testng.SuiteRunner.runTest(SuiteRunner.java:377)
at org.testng.SuiteRunner.runSequentially(SuiteRunner.java:371)
at org.testng.SuiteRunner.privateRun(SuiteRunner.java:332)
at org.testng.SuiteRunner.run(SuiteRunner.java:276)
at org.testng.SuiteRunnerWorker.runSuite(SuiteRunnerWorker.java:53)
at org.testng.SuiteRunnerWorker.run(SuiteRunnerWorker.java:96)
at org.testng.TestNG.runSuitesSequentially(TestNG.java:1212)
at org.testng.TestNG.runSuitesLocally(TestNG.java:1134)
at org.testng.TestNG.runSuites(TestNG.java:1063)
at org.testng.TestNG.run(TestNG.java:1031)
at org.testng.remote.AbstractRemoteTestNG.run(AbstractRemoteTestNG.java:115)
at org.testng.remote.RemoteTestNG.initAndRun(RemoteTestNG.java:251)
at org.testng.remote.RemoteTestNG.main(RemoteTestNG.java:77)
]]>
            </full-stacktrace>
          </exception> <!-- org.openqa.selenium.NoSuchElementException -->
          <reporter-output>
          </reporter-output>
        </test-method> <!-- d -->
        <test-method status="PASS" signature="tearDown()[pri:0, instance:testNGPackage.TestNGCustomer@545997b1]" name="tearDown" is-config="true" duration-ms="0" started-at="2022-05-12T13:53:39 CDT" finished-at="2022-05-12T13:53:39 CDT">
          <reporter-output>
          </reporter-output>
        </test-method> <!-- tearDown -->
      </class> <!-- testNGPackage.TestNGCustomer -->
    </test> <!-- Default test -->
  </suite> <!-- Default suite -->
</testng-results>
